{"uuid":"60b78d7a-b42b-459b-bb42-68d9cb570769","historyId":"74adcb8ccfa606abd6aa3d8f93b32056","testCaseId":"JIRE-KEY2","fullName":"com.cc.test.TestCase.fullTestSenario","labels":[{"name":"package","value":"com.cc.test.TestCase"},{"name":"testClass","value":"com.cc.test.TestCase"},{"name":"testMethod","value":"fullTestSenario"},{"name":"parentSuite","value":"Default Suite"},{"name":"suite","value":"test.shared"},{"name":"subSuite","value":"com.cc.test.TestCase"},{"name":"host","value":"MS-20151227YBDF"},{"name":"thread","value":"10484@MS-20151227YBDF.main(1)"}],"links":[],"name":"Login2","status":"failed","statusDetails":{"known":false,"muted":false,"flaky":false,"message":"expected [Failed] but found [Successfully]","trace":"java.lang.AssertionError: expected [Failed] but found [Successfully]\r\n\tat org.testng.Assert.fail(Assert.java:94)\r\n\tat org.testng.Assert.failNotEquals(Assert.java:494)\r\n\tat org.testng.Assert.assertEquals(Assert.java:123)\r\n\tat org.testng.Assert.assertEquals(Assert.java:176)\r\n\tat org.testng.Assert.assertEquals(Assert.java:186)\r\n\tat com.cc.test.shared.report.Logging.logError_aroundBody2(Logging.java:32)\r\n\tat com.cc.test.shared.report.Logging$AjcClosure3.run(Logging.java:1)\r\n\tat org.aspectj.runtime.reflect.JoinPointImpl.proceed(JoinPointImpl.java:149)\r\n\tat io.qameta.allure.aspects.StepsAspects.step(StepsAspects.java:51)\r\n\tat com.cc.test.shared.report.Logging.logError(Logging.java:32)\r\n\tat com.cc.test.ui.impl.LoginImpl.login(LoginImpl.java:25)\r\n\tat com.cc.test.flow.LoginFlow.login_aroundBody4(LoginFlow.java:41)\r\n\tat com.cc.test.flow.LoginFlow$AjcClosure5.run(LoginFlow.java:1)\r\n\tat org.aspectj.runtime.reflect.JoinPointImpl.proceed(JoinPointImpl.java:149)\r\n\tat io.qameta.allure.aspects.StepsAspects.step(StepsAspects.java:51)\r\n\tat com.cc.test.flow.LoginFlow.login(LoginFlow.java:38)\r\n\tat com.cc.test.flow.LoginFlow.executeTestCase_aroundBody0(LoginFlow.java:22)\r\n\tat com.cc.test.flow.LoginFlow$AjcClosure1.run(LoginFlow.java:1)\r\n\tat org.aspectj.runtime.reflect.JoinPointImpl.proceed(JoinPointImpl.java:149)\r\n\tat io.qameta.allure.aspects.StepsAspects.step(StepsAspects.java:51)\r\n\tat com.cc.test.flow.LoginFlow.executeTestCase(LoginFlow.java:20)\r\n\tat com.cc.test.TestCase.fullTestSenario(TestCase.java:80)\r\n\tat sun.reflect.NativeMethodAccessorImpl.invoke0(Native Method)\r\n\tat sun.reflect.NativeMethodAccessorImpl.invoke(NativeMethodAccessorImpl.java:62)\r\n\tat sun.reflect.DelegatingMethodAccessorImpl.invoke(DelegatingMethodAccessorImpl.java:43)\r\n\tat java.lang.reflect.Method.invoke(Method.java:498)\r\n\tat org.testng.internal.MethodInvocationHelper.invokeMethod(MethodInvocationHelper.java:84)\r\n\tat org.testng.internal.Invoker.invokeMethod(Invoker.java:714)\r\n\tat org.testng.internal.Invoker.invokeTestMethod(Invoker.java:901)\r\n\tat org.testng.internal.Invoker.invokeTestMethods(Invoker.java:1231)\r\n\tat org.testng.internal.TestMethodWorker.invokeTestMethods(TestMethodWorker.java:127)\r\n\tat org.testng.internal.TestMethodWorker.run(TestMethodWorker.java:111)\r\n\tat org.testng.TestRunner.privateRun(TestRunner.java:767)\r\n\tat org.testng.TestRunner.run(TestRunner.java:617)\r\n\tat org.testng.SuiteRunner.runTest(SuiteRunner.java:334)\r\n\tat org.testng.SuiteRunner.runSequentially(SuiteRunner.java:329)\r\n\tat org.testng.SuiteRunner.privateRun(SuiteRunner.java:291)\r\n\tat org.testng.SuiteRunner.run(SuiteRunner.java:240)\r\n\tat org.testng.SuiteRunnerWorker.runSuite(SuiteRunnerWorker.java:52)\r\n\tat org.testng.SuiteRunnerWorker.run(SuiteRunnerWorker.java:86)\r\n\tat org.testng.TestNG.runSuitesSequentially(TestNG.java:1224)\r\n\tat org.testng.TestNG.runSuitesLocally(TestNG.java:1149)\r\n\tat org.testng.TestNG.run(TestNG.java:1057)\r\n\tat org.testng.IDEARemoteTestNG.run(IDEARemoteTestNG.java:72)\r\n\tat org.testng.RemoteTestNGStarter.main(RemoteTestNGStarter.java:127)\r\n"},"stage":"finished","description":"login account","start":1577593167526,"stop":1577593177592,"steps":[{"name":"Login Flow","status":"failed","statusDetails":{"known":false,"muted":false,"flaky":false,"message":"expected [Failed] but found [Successfully]","trace":"java.lang.AssertionError: expected [Failed] but found [Successfully]\r\n\tat org.testng.Assert.fail(Assert.java:94)\r\n\tat org.testng.Assert.failNotEquals(Assert.java:494)\r\n\tat org.testng.Assert.assertEquals(Assert.java:123)\r\n\tat org.testng.Assert.assertEquals(Assert.java:176)\r\n\tat org.testng.Assert.assertEquals(Assert.java:186)\r\n\tat com.cc.test.shared.report.Logging.logError_aroundBody2(Logging.java:32)\r\n\tat com.cc.test.shared.report.Logging$AjcClosure3.run(Logging.java:1)\r\n\tat org.aspectj.runtime.reflect.JoinPointImpl.proceed(JoinPointImpl.java:149)\r\n\tat io.qameta.allure.aspects.StepsAspects.step(StepsAspects.java:51)\r\n\tat com.cc.test.shared.report.Logging.logError(Logging.java:32)\r\n\tat com.cc.test.ui.impl.LoginImpl.login(LoginImpl.java:25)\r\n\tat com.cc.test.flow.LoginFlow.login_aroundBody4(LoginFlow.java:41)\r\n\tat com.cc.test.flow.LoginFlow$AjcClosure5.run(LoginFlow.java:1)\r\n\tat org.aspectj.runtime.reflect.JoinPointImpl.proceed(JoinPointImpl.java:149)\r\n\tat io.qameta.allure.aspects.StepsAspects.step(StepsAspects.java:51)\r\n\tat com.cc.test.flow.LoginFlow.login(LoginFlow.java:38)\r\n\tat com.cc.test.flow.LoginFlow.executeTestCase_aroundBody0(LoginFlow.java:22)\r\n\tat com.cc.test.flow.LoginFlow$AjcClosure1.run(LoginFlow.java:1)\r\n\tat org.aspectj.runtime.reflect.JoinPointImpl.proceed(JoinPointImpl.java:149)\r\n\tat io.qameta.allure.aspects.StepsAspects.step(StepsAspects.java:51)\r\n\tat com.cc.test.flow.LoginFlow.executeTestCase(LoginFlow.java:20)\r\n\tat com.cc.test.TestCase.fullTestSenario(TestCase.java:80)\r\n\tat sun.reflect.NativeMethodAccessorImpl.invoke0(Native Method)\r\n\tat sun.reflect.NativeMethodAccessorImpl.invoke(NativeMethodAccessorImpl.java:62)\r\n\tat sun.reflect.DelegatingMethodAccessorImpl.invoke(DelegatingMethodAccessorImpl.java:43)\r\n\tat java.lang.reflect.Method.invoke(Method.java:498)\r\n\tat org.testng.internal.MethodInvocationHelper.invokeMethod(MethodInvocationHelper.java:84)\r\n\tat org.testng.internal.Invoker.invokeMethod(Invoker.java:714)\r\n\tat org.testng.internal.Invoker.invokeTestMethod(Invoker.java:901)\r\n\tat org.testng.internal.Invoker.invokeTestMethods(Invoker.java:1231)\r\n\tat org.testng.internal.TestMethodWorker.invokeTestMethods(TestMethodWorker.java:127)\r\n\tat org.testng.internal.TestMethodWorker.run(TestMethodWorker.java:111)\r\n\tat org.testng.TestRunner.privateRun(TestRunner.java:767)\r\n\tat org.testng.TestRunner.run(TestRunner.java:617)\r\n\tat org.testng.SuiteRunner.runTest(SuiteRunner.java:334)\r\n\tat org.testng.SuiteRunner.runSequentially(SuiteRunner.java:329)\r\n\tat org.testng.SuiteRunner.privateRun(SuiteRunner.java:291)\r\n\tat org.testng.SuiteRunner.run(SuiteRunner.java:240)\r\n\tat org.testng.SuiteRunnerWorker.runSuite(SuiteRunnerWorker.java:52)\r\n\tat org.testng.SuiteRunnerWorker.run(SuiteRunnerWorker.java:86)\r\n\tat org.testng.TestNG.runSuitesSequentially(TestNG.java:1224)\r\n\tat org.testng.TestNG.runSuitesLocally(TestNG.java:1149)\r\n\tat org.testng.TestNG.run(TestNG.java:1057)\r\n\tat org.testng.IDEARemoteTestNG.run(IDEARemoteTestNG.java:72)\r\n\tat org.testng.RemoteTestNGStarter.main(RemoteTestNGStarter.java:127)\r\n"},"stage":"finished","start":1577593171210,"stop":1577593177228,"steps":[{"name":"Launch Application","status":"passed","stage":"finished","start":1577593171210,"stop":1577593171861,"steps":[{"name":"http://www.baidu.com","status":"passed","stage":"finished","start":1577593171212,"stop":1577593171212,"parameters":[{"name":"str","value":"http://www.baidu.com"}]}]},{"name":"Login","status":"failed","statusDetails":{"known":false,"muted":false,"flaky":false,"message":"expected [Failed] but found [Successfully]","trace":"java.lang.AssertionError: expected [Failed] but found [Successfully]\r\n\tat org.testng.Assert.fail(Assert.java:94)\r\n\tat org.testng.Assert.failNotEquals(Assert.java:494)\r\n\tat org.testng.Assert.assertEquals(Assert.java:123)\r\n\tat org.testng.Assert.assertEquals(Assert.java:176)\r\n\tat org.testng.Assert.assertEquals(Assert.java:186)\r\n\tat com.cc.test.shared.report.Logging.logError_aroundBody2(Logging.java:32)\r\n\tat com.cc.test.shared.report.Logging$AjcClosure3.run(Logging.java:1)\r\n\tat org.aspectj.runtime.reflect.JoinPointImpl.proceed(JoinPointImpl.java:149)\r\n\tat io.qameta.allure.aspects.StepsAspects.step(StepsAspects.java:51)\r\n\tat com.cc.test.shared.report.Logging.logError(Logging.java:32)\r\n\tat com.cc.test.ui.impl.LoginImpl.login(LoginImpl.java:25)\r\n\tat com.cc.test.flow.LoginFlow.login_aroundBody4(LoginFlow.java:41)\r\n\tat com.cc.test.flow.LoginFlow$AjcClosure5.run(LoginFlow.java:1)\r\n\tat org.aspectj.runtime.reflect.JoinPointImpl.proceed(JoinPointImpl.java:149)\r\n\tat io.qameta.allure.aspects.StepsAspects.step(StepsAspects.java:51)\r\n\tat com.cc.test.flow.LoginFlow.login(LoginFlow.java:38)\r\n\tat com.cc.test.flow.LoginFlow.executeTestCase_aroundBody0(LoginFlow.java:22)\r\n\tat com.cc.test.flow.LoginFlow$AjcClosure1.run(LoginFlow.java:1)\r\n\tat org.aspectj.runtime.reflect.JoinPointImpl.proceed(JoinPointImpl.java:149)\r\n\tat io.qameta.allure.aspects.StepsAspects.step(StepsAspects.java:51)\r\n\tat com.cc.test.flow.LoginFlow.executeTestCase(LoginFlow.java:20)\r\n\tat com.cc.test.TestCase.fullTestSenario(TestCase.java:80)\r\n\tat sun.reflect.NativeMethodAccessorImpl.invoke0(Native Method)\r\n\tat sun.reflect.NativeMethodAccessorImpl.invoke(NativeMethodAccessorImpl.java:62)\r\n\tat sun.reflect.DelegatingMethodAccessorImpl.invoke(DelegatingMethodAccessorImpl.java:43)\r\n\tat java.lang.reflect.Method.invoke(Method.java:498)\r\n\tat org.testng.internal.MethodInvocationHelper.invokeMethod(MethodInvocationHelper.java:84)\r\n\tat org.testng.internal.Invoker.invokeMethod(Invoker.java:714)\r\n\tat org.testng.internal.Invoker.invokeTestMethod(Invoker.java:901)\r\n\tat org.testng.internal.Invoker.invokeTestMethods(Invoker.java:1231)\r\n\tat org.testng.internal.TestMethodWorker.invokeTestMethods(TestMethodWorker.java:127)\r\n\tat org.testng.internal.TestMethodWorker.run(TestMethodWorker.java:111)\r\n\tat org.testng.TestRunner.privateRun(TestRunner.java:767)\r\n\tat org.testng.TestRunner.run(TestRunner.java:617)\r\n\tat org.testng.SuiteRunner.runTest(SuiteRunner.java:334)\r\n\tat org.testng.SuiteRunner.runSequentially(SuiteRunner.java:329)\r\n\tat org.testng.SuiteRunner.privateRun(SuiteRunner.java:291)\r\n\tat org.testng.SuiteRunner.run(SuiteRunner.java:240)\r\n\tat org.testng.SuiteRunnerWorker.runSuite(SuiteRunnerWorker.java:52)\r\n\tat org.testng.SuiteRunnerWorker.run(SuiteRunnerWorker.java:86)\r\n\tat org.testng.TestNG.runSuitesSequentially(TestNG.java:1224)\r\n\tat org.testng.TestNG.runSuitesLocally(TestNG.java:1149)\r\n\tat org.testng.TestNG.run(TestNG.java:1057)\r\n\tat org.testng.IDEARemoteTestNG.run(IDEARemoteTestNG.java:72)\r\n\tat org.testng.RemoteTestNGStarter.main(RemoteTestNGStarter.java:127)\r\n"},"stage":"finished","start":1577593171862,"stop":1577593177228,"steps":[{"name":"Input username and password.","status":"passed","stage":"finished","start":1577593171865,"stop":1577593171866,"parameters":[{"name":"str","value":"Input username and password."}]},{"name":"Login failed: Timed out after 5 seconds waiting for presence of element located by: By.id: userId\nBuild info: version: '2.53.1', revision: 'a36b8b1cd5757287168e54b817830adce9b0158d', time: '2016-06-30 19:26:09'\nSystem info: host: 'MS-20151227YBDF', ip: '192.168.1.2', os.name: 'Windows 7', os.arch: 'amd64', os.version: '6.1', java.version: '1.8.0_131'\nDriver info: org.openqa.selenium.chrome.ChromeDriver\nCapabilities [{mobileEmulationEnabled=false, hasTouchScreen=false, platform=XP, acceptSslCerts=false, goog:chromeOptions={debuggerAddress=localhost:51657}, acceptInsecureCerts=false, webStorageEnabled=true, browserName=chrome, takesScreenshot=true, javascriptEnabled=true, setWindowRect=true, unexpectedAlertBehaviour=, applicationCacheEnabled=false, rotatable=false, networkConnectionEnabled=false, chrome={chromedriverVersion=2.41.578737 (49da6702b16031c40d63e5618de03a32ff6c197e), userDataDir=C:\\Users\\ADMINI~1\\AppData\\Local\\Temp\\scoped_dir10136_23749}, takesHeapSnapshot=true, pageLoadStrategy=normal, databaseEnabled=false, handlesAlerts=true, version=75.0.3770.80, browserConnectionEnabled=false, nativeEvents=true, locationContextEnabled=true, cssSelectorsEnabled=true}]\nSession ID: 767a202f13483ab9691c1af2aec64475","status":"failed","statusDetails":{"known":false,"muted":false,"flaky":false,"message":"expected [Failed] but found [Successfully]","trace":"java.lang.AssertionError: expected [Failed] but found [Successfully]\r\n\tat org.testng.Assert.fail(Assert.java:94)\r\n\tat org.testng.Assert.failNotEquals(Assert.java:494)\r\n\tat org.testng.Assert.assertEquals(Assert.java:123)\r\n\tat org.testng.Assert.assertEquals(Assert.java:176)\r\n\tat org.testng.Assert.assertEquals(Assert.java:186)\r\n\tat com.cc.test.shared.report.Logging.logError_aroundBody2(Logging.java:32)\r\n\tat com.cc.test.shared.report.Logging$AjcClosure3.run(Logging.java:1)\r\n\tat org.aspectj.runtime.reflect.JoinPointImpl.proceed(JoinPointImpl.java:149)\r\n\tat io.qameta.allure.aspects.StepsAspects.step(StepsAspects.java:51)\r\n\tat com.cc.test.shared.report.Logging.logError(Logging.java:32)\r\n\tat com.cc.test.ui.impl.LoginImpl.login(LoginImpl.java:25)\r\n\tat com.cc.test.flow.LoginFlow.login_aroundBody4(LoginFlow.java:41)\r\n\tat com.cc.test.flow.LoginFlow$AjcClosure5.run(LoginFlow.java:1)\r\n\tat org.aspectj.runtime.reflect.JoinPointImpl.proceed(JoinPointImpl.java:149)\r\n\tat io.qameta.allure.aspects.StepsAspects.step(StepsAspects.java:51)\r\n\tat com.cc.test.flow.LoginFlow.login(LoginFlow.java:38)\r\n\tat com.cc.test.flow.LoginFlow.executeTestCase_aroundBody0(LoginFlow.java:22)\r\n\tat com.cc.test.flow.LoginFlow$AjcClosure1.run(LoginFlow.java:1)\r\n\tat org.aspectj.runtime.reflect.JoinPointImpl.proceed(JoinPointImpl.java:149)\r\n\tat io.qameta.allure.aspects.StepsAspects.step(StepsAspects.java:51)\r\n\tat com.cc.test.flow.LoginFlow.executeTestCase(LoginFlow.java:20)\r\n\tat com.cc.test.TestCase.fullTestSenario(TestCase.java:80)\r\n\tat sun.reflect.NativeMethodAccessorImpl.invoke0(Native Method)\r\n\tat sun.reflect.NativeMethodAccessorImpl.invoke(NativeMethodAccessorImpl.java:62)\r\n\tat sun.reflect.DelegatingMethodAccessorImpl.invoke(DelegatingMethodAccessorImpl.java:43)\r\n\tat java.lang.reflect.Method.invoke(Method.java:498)\r\n\tat org.testng.internal.MethodInvocationHelper.invokeMethod(MethodInvocationHelper.java:84)\r\n\tat org.testng.internal.Invoker.invokeMethod(Invoker.java:714)\r\n\tat org.testng.internal.Invoker.invokeTestMethod(Invoker.java:901)\r\n\tat org.testng.internal.Invoker.invokeTestMethods(Invoker.java:1231)\r\n\tat org.testng.internal.TestMethodWorker.invokeTestMethods(TestMethodWorker.java:127)\r\n\tat org.testng.internal.TestMethodWorker.run(TestMethodWorker.java:111)\r\n\tat org.testng.TestRunner.privateRun(TestRunner.java:767)\r\n\tat org.testng.TestRunner.run(TestRunner.java:617)\r\n\tat org.testng.SuiteRunner.runTest(SuiteRunner.java:334)\r\n\tat org.testng.SuiteRunner.runSequentially(SuiteRunner.java:329)\r\n\tat org.testng.SuiteRunner.privateRun(SuiteRunner.java:291)\r\n\tat org.testng.SuiteRunner.run(SuiteRunner.java:240)\r\n\tat org.testng.SuiteRunnerWorker.runSuite(SuiteRunnerWorker.java:52)\r\n\tat org.testng.SuiteRunnerWorker.run(SuiteRunnerWorker.java:86)\r\n\tat org.testng.TestNG.runSuitesSequentially(TestNG.java:1224)\r\n\tat org.testng.TestNG.runSuitesLocally(TestNG.java:1149)\r\n\tat org.testng.TestNG.run(TestNG.java:1057)\r\n\tat org.testng.IDEARemoteTestNG.run(IDEARemoteTestNG.java:72)\r\n\tat org.testng.RemoteTestNGStarter.main(RemoteTestNGStarter.java:127)\r\n"},"stage":"finished","start":1577593177224,"stop":1577593177228,"parameters":[{"name":"str","value":"Login failed: Timed out after 5 seconds waiting for presence of element located by: By.id: userId\nBuild info: version: '2.53.1', revision: 'a36b8b1cd5757287168e54b817830adce9b0158d', time: '2016-06-30 19:26:09'\nSystem info: host: 'MS-20151227YBDF', ip: '192.168.1.2', os.name: 'Windows 7', os.arch: 'amd64', os.version: '6.1', java.version: '1.8.0_131'\nDriver info: org.openqa.selenium.chrome.ChromeDriver\nCapabilities [{mobileEmulationEnabled=false, hasTouchScreen=false, platform=XP, acceptSslCerts=false, goog:chromeOptions={debuggerAddress=localhost:51657}, acceptInsecureCerts=false, webStorageEnabled=true, browserName=chrome, takesScreenshot=true, javascriptEnabled=true, setWindowRect=true, unexpectedAlertBehaviour=, applicationCacheEnabled=false, rotatable=false, networkConnectionEnabled=false, chrome={chromedriverVersion=2.41.578737 (49da6702b16031c40d63e5618de03a32ff6c197e), userDataDir=C:\\Users\\ADMINI~1\\AppData\\Local\\Temp\\scoped_dir10136_23749}, takesHeapSnapshot=true, pageLoadStrategy=normal, databaseEnabled=false, handlesAlerts=true, version=75.0.3770.80, browserConnectionEnabled=false, nativeEvents=true, locationContextEnabled=true, cssSelectorsEnabled=true}]\nSession ID: 767a202f13483ab9691c1af2aec64475"}]}],"parameters":[{"name":"loginData","value":"com.cc.test.shared.datafactory.TestData@68c34db2"}]}],"parameters":[{"name":"flag","value":""}]}],"attachments":[{"name":"screen shot","source":"1e0a8cc9-e461-4f3e-adf4-5655582ad2e8-attachment","type":"image/png"}],"parameters":[{"name":"arg0","value":"[com.cc.test.shared.datafactory.CaseDataRequest@41dc0598, com.cc.test.shared.datafactory.CaseDataRequest@196ae579, com.cc.test.shared.datafactory.CaseDataRequest@6a2c717f, com.cc.test.shared.datafactory.CaseDataRequest@41853299]"}]}